2024-03-14 09:28:51.844 [info] Log level: Info
2024-03-14 09:28:51.844 [info] VSCODE_MACHINE_ID: 4efba7ac-d4a7-4326-8345-34aedb1a7103
2024-03-14 09:28:51.844 [info] VSCODE_SESSION_ID: 8140b556-fb9e-4869-9aa3-56743ca5cb741710408525804
2024-03-14 09:28:51.844 [info] VSCODE_VERSION: 1.87.0
2024-03-14 09:28:51.844 [info] VSCODE_APP_NAME: Gitpod Code
2024-03-14 09:28:51.844 [info] VSCODE_APP_HOST: Gitpod
2024-03-14 09:28:51.844 [info] VSCODE_UI_KIND: web
2024-03-14 09:28:51.844 [info] GITPOD_WORKSPACE_CONTEXT_URL: https://github.com/iosnokia/mini-ob.git
2024-03-14 09:28:51.844 [info] GITPOD_INSTANCE_ID: a621f4f3-1eba-4837-8ec9-06c1eb1bf250
2024-03-14 09:28:51.844 [info] GITPOD_WORKSPACE_URL: https://iosnokia-miniob-lerqox5lecv.ws-us110.gitpod.io
2024-03-14 09:28:51.844 [info] Gitpod Web 4e069a6
2024-03-14 09:28:51.844 [info] Reading sessions from keychain...
2024-03-14 09:28:52.129 [info] Getting sessions for all scopes...
2024-03-14 09:28:52.129 [info] Getting GitHub sessions for all scopes...
2024-03-14 09:28:52.129 [info] Getting sessions for function:accessCodeSyncStorage...
2024-03-14 09:28:52.129 [info] Got 1 GitHub sessions for all scopes...
2024-03-14 09:28:52.129 [info] Got stored sessions!
2024-03-14 09:28:52.129 [info] Verified session with the following scopes: function:accessCodeSyncStorage function:closePort function:controlAdmission function:deleteEnvVar function:generateNewGitpodToken function:getDefaultWorkspaceImage function:getEnvVars function:getGitpodTokenScopes function:getIDToken function:getLoggedInUser function:getOpenPorts function:getSupportedWorkspaceClasses function:getTeams function:getToken function:getWorkspace function:getWorkspaceEnvVars function:getWorkspaceOwner function:getWorkspaceTimeout function:getWorkspaceUsers function:guessGitTokenScopes function:isWorkspaceOwner function:openPort function:sendHeartBeat function:setEnvVar function:setWorkspaceTimeout function:stopWorkspace function:takeSnapshot function:trackEvent function:updateGitStatus function:waitForSnapshot resource:contentBlob::*::create/get resource:envVar::iosnokia/mini-ob::create/get/update/delete resource:gitpodToken::*::create resource:snapshot::ws-iosnokia-miniob-lerqox5lecv::create resource:token::*::get resource:userStorage::*::create/get/update resource:workspace::iosnokia-miniob-lerqox5lecv::get/update resource:workspaceInstance::a621f4f3-1eba-4837-8ec9-06c1eb1bf250::get/update/delete
2024-03-14 09:28:52.130 [info] Got 1 verified sessions.
2024-03-14 09:28:52.130 [info] Got 1 sessions for all scopes...
2024-03-14 09:28:52.130 [info] Got 1 sessions for function:accessCodeSyncStorage...
2024-03-14 09:28:52.131 [info] Getting GitHub sessions for all scopes...
2024-03-14 09:28:52.131 [info] Got 1 GitHub sessions for all scopes...
2024-03-14 09:28:52.435 [info] Getting GitHub sessions for all scopes...
2024-03-14 09:28:52.435 [info] Getting sessions for all scopes...
2024-03-14 09:28:52.436 [info] Got 1 GitHub sessions for all scopes...
2024-03-14 09:28:52.436 [info] Got 1 sessions for all scopes...
2024-03-14 09:28:54.137 [info] Getting GitHub sessions for read:user,repo,user:email,workflow...
2024-03-14 09:28:54.137 [info] Got 0 GitHub sessions for read:user,repo,user:email,workflow...
2024-03-14 09:28:55.183 [info] Getting GitHub sessions for project,read:org,read:user,repo,user:email,workflow...
2024-03-14 09:28:55.183 [info] Got 0 GitHub sessions for project,read:org,read:user,repo,user:email,workflow...
2024-03-14 09:28:56.164 [info] Getting GitHub sessions for read:user,repo,user:email,workflow...
2024-03-14 09:28:56.164 [info] Got 0 GitHub sessions for read:user,repo,user:email,workflow...
2024-03-14 09:28:56.901 [info] Getting GitHub sessions for read:user,repo,user:email...
2024-03-14 09:28:56.902 [info] Got 0 GitHub sessions for read:user,repo,user:email...
2024-03-14 09:28:57.838 [info] Getting GitHub sessions for read:user,repo,user:email,workflow...
2024-03-14 09:28:57.838 [info] Got 0 GitHub sessions for read:user,repo,user:email,workflow...
2024-03-14 11:50:04.506 [error] 0e724905-9028-4726-9265-ba407ddb1632 terminal: listening failed: 13 INTERNAL: wait: no child processes
